<?xml version="1.0" encoding="UTF-8"?>
<testsuite xmlns:xsi="http://www.w3.org/2001/XMLSchema-instance" xsi:noNamespaceSchemaLocation="https://maven.apache.org/surefire/maven-surefire-plugin/xsd/surefire-test-report-3.0.xsd" version="3.0" name="io.jenkins.update_center.PluginTest" time="0.149" tests="6" errors="0" skipped="0" failures="0">
  <properties>
    <property name="java.specification.version" value="17"/>
    <property name="sun.jnu.encoding" value="UTF-8"/>
    <property name="java.class.path" value="/home/test/update-center2/target/test-classes:/home/test/update-center2/target/classes:/home/test/.m2/repository/org/jvnet/hudson/crypto-util/1.0/crypto-util-1.0.jar:/home/test/.m2/repository/com/alibaba/fastjson/1.2.83/fastjson-1.2.83.jar:/home/test/.m2/repository/org/dom4j/dom4j/2.1.3/dom4j-2.1.3.jar:/home/test/.m2/repository/com/squareup/okhttp3/okhttp-urlconnection/4.10.0/okhttp-urlconnection-4.10.0.jar:/home/test/.m2/repository/com/squareup/okhttp3/okhttp/4.10.0/okhttp-4.10.0.jar:/home/test/.m2/repository/com/squareup/okio/okio-jvm/3.0.0/okio-jvm-3.0.0.jar:/home/test/.m2/repository/org/jetbrains/kotlin/kotlin-stdlib/1.6.20/kotlin-stdlib-1.6.20.jar:/home/test/.m2/repository/org/jetbrains/annotations/13.0/annotations-13.0.jar:/home/test/.m2/repository/org/jetbrains/kotlin/kotlin-stdlib-jdk8/1.6.10/kotlin-stdlib-jdk8-1.6.10.jar:/home/test/.m2/repository/org/jetbrains/kotlin/kotlin-stdlib-jdk7/1.6.10/kotlin-stdlib-jdk7-1.6.10.jar:/home/test/.m2/repository/jaxen/jaxen/1.2.0/jaxen-1.2.0.jar:/home/test/.m2/repository/org/kohsuke/stapler/json-lib/2.4-jenkins-3/json-lib-2.4-jenkins-3.jar:/home/test/.m2/repository/commons-beanutils/commons-beanutils/1.8.0/commons-beanutils-1.8.0.jar:/home/test/.m2/repository/commons-collections/commons-collections/3.2.1/commons-collections-3.2.1.jar:/home/test/.m2/repository/commons-lang/commons-lang/2.5/commons-lang-2.5.jar:/home/test/.m2/repository/commons-logging/commons-logging/1.1.1/commons-logging-1.1.1.jar:/home/test/.m2/repository/net/sf/ezmorph/ezmorph/1.0.6/ezmorph-1.0.6.jar:/home/test/.m2/repository/commons-io/commons-io/2.11.0/commons-io-2.11.0.jar:/home/test/.m2/repository/org/apache/commons/commons-lang3/3.12.0/commons-lang3-3.12.0.jar:/home/test/.m2/repository/commons-codec/commons-codec/1.15/commons-codec-1.15.jar:/home/test/.m2/repository/args4j/args4j/2.33/args4j-2.33.jar:/home/test/.m2/repository/io/jenkins/lib/support-log-formatter/1.1/support-log-formatter-1.1.jar:/home/test/.m2/repository/org/jenkins-ci/version-number/1.10/version-number-1.10.jar:/home/test/.m2/repository/bouncycastle/bcprov-jdk15/140/bcprov-jdk15-140.jar:/home/test/.m2/repository/org/apache/ant/ant/1.10.12/ant-1.10.12.jar:/home/test/.m2/repository/org/apache/ant/ant-launcher/1.10.12/ant-launcher-1.10.12.jar:/home/test/.m2/repository/com/googlecode/owasp-java-html-sanitizer/owasp-java-html-sanitizer/20220608.1/owasp-java-html-sanitizer-20220608.1.jar:/home/test/.m2/repository/com/google/guava/guava/30.1-jre/guava-30.1-jre.jar:/home/test/.m2/repository/com/google/guava/failureaccess/1.0.1/failureaccess-1.0.1.jar:/home/test/.m2/repository/com/google/guava/listenablefuture/9999.0-empty-to-avoid-conflict-with-guava/listenablefuture-9999.0-empty-to-avoid-conflict-with-guava.jar:/home/test/.m2/repository/org/checkerframework/checker-qual/3.5.0/checker-qual-3.5.0.jar:/home/test/.m2/repository/com/google/errorprone/error_prone_annotations/2.3.4/error_prone_annotations-2.3.4.jar:/home/test/.m2/repository/com/google/j2objc/j2objc-annotations/1.3/j2objc-annotations-1.3.jar:/home/test/.m2/repository/com/github/spotbugs/spotbugs-annotations/4.7.3/spotbugs-annotations-4.7.3.jar:/home/test/.m2/repository/org/jsoup/jsoup/1.15.3/jsoup-1.15.3.jar:/home/test/.m2/repository/org/jetbrains/kotlin/kotlin-stdlib-common/1.7.10/kotlin-stdlib-common-1.7.10.jar:/home/test/.m2/repository/com/google/code/findbugs/jsr305/3.0.2/jsr305-3.0.2.jar:/home/test/.m2/repository/org/hamcrest/hamcrest/2.2/hamcrest-2.2.jar:/home/test/.m2/repository/org/mockito/mockito-core/4.6.1/mockito-core-4.6.1.jar:/home/test/.m2/repository/net/bytebuddy/byte-buddy/1.12.10/byte-buddy-1.12.10.jar:/home/test/.m2/repository/net/bytebuddy/byte-buddy-agent/1.12.10/byte-buddy-agent-1.12.10.jar:/home/test/.m2/repository/org/objenesis/objenesis/3.2/objenesis-3.2.jar:/home/test/.m2/repository/junit/junit/4.13.2/junit-4.13.2.jar:/home/test/.m2/repository/org/hamcrest/hamcrest-core/1.3/hamcrest-core-1.3.jar:/home/test/.m2/repository/com/squareup/okhttp3/mockwebserver/4.10.0/mockwebserver-4.10.0.jar:"/>
    <property name="java.vm.vendor" value="Private Build"/>
    <property name="sun.arch.data.model" value="64"/>
    <property name="java.vendor.url" value="Unknown"/>
    <property name="os.name" value="Linux"/>
    <property name="java.vm.specification.version" value="17"/>
    <property name="sun.java.launcher" value="SUN_STANDARD"/>
    <property name="user.country" value="GB"/>
    <property name="sun.boot.library.path" value="/usr/lib/jvm/java-17-openjdk-amd64/lib"/>
    <property name="sun.java.command" value="/home/test/update-center2/target/surefire/surefirebooter15797199114767561440.jar /home/test/update-center2/target/surefire 2023-11-01T14-50-56_582-jvmRun1 surefire7261911828049479456tmp surefire_0874007307162815952tmp"/>
    <property name="jdk.debug" value="release"/>
    <property name="surefire.test.class.path" value="/home/test/update-center2/target/test-classes:/home/test/update-center2/target/classes:/home/test/.m2/repository/org/jvnet/hudson/crypto-util/1.0/crypto-util-1.0.jar:/home/test/.m2/repository/com/alibaba/fastjson/1.2.83/fastjson-1.2.83.jar:/home/test/.m2/repository/org/dom4j/dom4j/2.1.3/dom4j-2.1.3.jar:/home/test/.m2/repository/com/squareup/okhttp3/okhttp-urlconnection/4.10.0/okhttp-urlconnection-4.10.0.jar:/home/test/.m2/repository/com/squareup/okhttp3/okhttp/4.10.0/okhttp-4.10.0.jar:/home/test/.m2/repository/com/squareup/okio/okio-jvm/3.0.0/okio-jvm-3.0.0.jar:/home/test/.m2/repository/org/jetbrains/kotlin/kotlin-stdlib/1.6.20/kotlin-stdlib-1.6.20.jar:/home/test/.m2/repository/org/jetbrains/annotations/13.0/annotations-13.0.jar:/home/test/.m2/repository/org/jetbrains/kotlin/kotlin-stdlib-jdk8/1.6.10/kotlin-stdlib-jdk8-1.6.10.jar:/home/test/.m2/repository/org/jetbrains/kotlin/kotlin-stdlib-jdk7/1.6.10/kotlin-stdlib-jdk7-1.6.10.jar:/home/test/.m2/repository/jaxen/jaxen/1.2.0/jaxen-1.2.0.jar:/home/test/.m2/repository/org/kohsuke/stapler/json-lib/2.4-jenkins-3/json-lib-2.4-jenkins-3.jar:/home/test/.m2/repository/commons-beanutils/commons-beanutils/1.8.0/commons-beanutils-1.8.0.jar:/home/test/.m2/repository/commons-collections/commons-collections/3.2.1/commons-collections-3.2.1.jar:/home/test/.m2/repository/commons-lang/commons-lang/2.5/commons-lang-2.5.jar:/home/test/.m2/repository/commons-logging/commons-logging/1.1.1/commons-logging-1.1.1.jar:/home/test/.m2/repository/net/sf/ezmorph/ezmorph/1.0.6/ezmorph-1.0.6.jar:/home/test/.m2/repository/commons-io/commons-io/2.11.0/commons-io-2.11.0.jar:/home/test/.m2/repository/org/apache/commons/commons-lang3/3.12.0/commons-lang3-3.12.0.jar:/home/test/.m2/repository/commons-codec/commons-codec/1.15/commons-codec-1.15.jar:/home/test/.m2/repository/args4j/args4j/2.33/args4j-2.33.jar:/home/test/.m2/repository/io/jenkins/lib/support-log-formatter/1.1/support-log-formatter-1.1.jar:/home/test/.m2/repository/org/jenkins-ci/version-number/1.10/version-number-1.10.jar:/home/test/.m2/repository/bouncycastle/bcprov-jdk15/140/bcprov-jdk15-140.jar:/home/test/.m2/repository/org/apache/ant/ant/1.10.12/ant-1.10.12.jar:/home/test/.m2/repository/org/apache/ant/ant-launcher/1.10.12/ant-launcher-1.10.12.jar:/home/test/.m2/repository/com/googlecode/owasp-java-html-sanitizer/owasp-java-html-sanitizer/20220608.1/owasp-java-html-sanitizer-20220608.1.jar:/home/test/.m2/repository/com/google/guava/guava/30.1-jre/guava-30.1-jre.jar:/home/test/.m2/repository/com/google/guava/failureaccess/1.0.1/failureaccess-1.0.1.jar:/home/test/.m2/repository/com/google/guava/listenablefuture/9999.0-empty-to-avoid-conflict-with-guava/listenablefuture-9999.0-empty-to-avoid-conflict-with-guava.jar:/home/test/.m2/repository/org/checkerframework/checker-qual/3.5.0/checker-qual-3.5.0.jar:/home/test/.m2/repository/com/google/errorprone/error_prone_annotations/2.3.4/error_prone_annotations-2.3.4.jar:/home/test/.m2/repository/com/google/j2objc/j2objc-annotations/1.3/j2objc-annotations-1.3.jar:/home/test/.m2/repository/com/github/spotbugs/spotbugs-annotations/4.7.3/spotbugs-annotations-4.7.3.jar:/home/test/.m2/repository/org/jsoup/jsoup/1.15.3/jsoup-1.15.3.jar:/home/test/.m2/repository/org/jetbrains/kotlin/kotlin-stdlib-common/1.7.10/kotlin-stdlib-common-1.7.10.jar:/home/test/.m2/repository/com/google/code/findbugs/jsr305/3.0.2/jsr305-3.0.2.jar:/home/test/.m2/repository/org/hamcrest/hamcrest/2.2/hamcrest-2.2.jar:/home/test/.m2/repository/org/mockito/mockito-core/4.6.1/mockito-core-4.6.1.jar:/home/test/.m2/repository/net/bytebuddy/byte-buddy/1.12.10/byte-buddy-1.12.10.jar:/home/test/.m2/repository/net/bytebuddy/byte-buddy-agent/1.12.10/byte-buddy-agent-1.12.10.jar:/home/test/.m2/repository/org/objenesis/objenesis/3.2/objenesis-3.2.jar:/home/test/.m2/repository/junit/junit/4.13.2/junit-4.13.2.jar:/home/test/.m2/repository/org/hamcrest/hamcrest-core/1.3/hamcrest-core-1.3.jar:/home/test/.m2/repository/com/squareup/okhttp3/mockwebserver/4.10.0/mockwebserver-4.10.0.jar:"/>
    <property name="sun.cpu.endian" value="little"/>
    <property name="user.home" value="/home/test"/>
    <property name="user.language" value="en"/>
    <property name="java.specification.vendor" value="Oracle Corporation"/>
    <property name="java.version.date" value="2023-08-24"/>
    <property name="java.home" value="/usr/lib/jvm/java-17-openjdk-amd64"/>
    <property name="file.separator" value="/"/>
    <property name="basedir" value="/home/test/update-center2"/>
    <property name="java.vm.compressedOopsMode" value="Zero based"/>
    <property name="line.separator" value="&#10;"/>
    <property name="java.vm.specification.vendor" value="Oracle Corporation"/>
    <property name="java.specification.name" value="Java Platform API Specification"/>
    <property name="surefire.real.class.path" value="/home/test/update-center2/target/surefire/surefirebooter15797199114767561440.jar"/>
    <property name="jdk.net.URLClassPath.disableClassPathURLCheck" value="true"/>
    <property name="sun.management.compiler" value="HotSpot 64-Bit Tiered Compilers"/>
    <property name="java.runtime.version" value="17.0.8.1+1-Ubuntu-0ubuntu122.04"/>
    <property name="user.name" value="test"/>
    <property name="path.separator" value=":"/>
    <property name="os.version" value="6.2.0-36-generic"/>
    <property name="java.runtime.name" value="OpenJDK Runtime Environment"/>
    <property name="file.encoding" value="UTF-8"/>
    <property name="java.vm.name" value="OpenJDK 64-Bit Server VM"/>
    <property name="localRepository" value="/home/test/.m2/repository"/>
    <property name="java.vendor.url.bug" value="Unknown"/>
    <property name="java.io.tmpdir" value="/tmp"/>
    <property name="java.version" value="17.0.8.1"/>
    <property name="user.dir" value="/home/test/update-center2"/>
    <property name="os.arch" value="amd64"/>
    <property name="java.vm.specification.name" value="Java Virtual Machine Specification"/>
    <property name="native.encoding" value="UTF-8"/>
    <property name="java.library.path" value="/usr/java/packages/lib:/usr/lib/x86_64-linux-gnu/jni:/lib/x86_64-linux-gnu:/usr/lib/x86_64-linux-gnu:/usr/lib/jni:/lib:/usr/lib"/>
    <property name="java.vm.info" value="mixed mode, sharing"/>
    <property name="java.vendor" value="Private Build"/>
    <property name="java.vm.version" value="17.0.8.1+1-Ubuntu-0ubuntu122.04"/>
    <property name="sun.io.unicode.encoding" value="UnicodeLittle"/>
    <property name="java.class.version" value="61.0"/>
  </properties>
  <testcase name="testDuplicateDetection" classname="io.jenkins.update_center.PluginTest" time="0.116">
    <system-err><![CDATA[Nov 01, 2023 2:50:57 PM io.jenkins.update_center.Plugin addArtifact
INFO: Found a duplicate artifact the-group:foo:1.0.0 (proposed) considered identical to the-group:foo:1.0 (existing) due to non-determinism. Neither has a timestamp. Neither will be published.
Nov 01, 2023 2:50:57 PM io.jenkins.update_center.Plugin addArtifact
INFO: Found another duplicate artifact the-group:foo:1.0.0.0 considered identical due to non-determinism. Neither has a timestamp. Neither will be published.
Nov 01, 2023 2:50:57 PM io.jenkins.update_center.Plugin addArtifact
INFO: Found another duplicate artifact the-other-group:foo:1.0 considered identical due to non-determinism. Neither has a timestamp. Neither will be published.
]]></system-err>
  </testcase>
  <testcase name="testReplaceAll" classname="io.jenkins.update_center.PluginTest" time="0.001">
    <system-err><![CDATA[Nov 01, 2023 2:50:57 PM io.jenkins.update_center.Plugin addArtifact
INFO: The proposed artifact: the-group:foo:1.0.0 is older than the existing artifact the-group:foo:1.0, so replace it.
Nov 01, 2023 2:50:57 PM io.jenkins.update_center.Plugin addArtifact
INFO: The proposed artifact: the-group:foo:1.0.0.0 is older than the existing artifact the-group:foo:1.0.0, so replace it.
Nov 01, 2023 2:50:57 PM io.jenkins.update_center.Plugin addArtifact
INFO: The proposed artifact: the-other-group:foo:1.0 is older than the existing artifact the-group:foo:1.0.0.0, so replace it.
]]></system-err>
  </testcase>
  <testcase name="testTopLevelUrl" classname="io.jenkins.update_center.PluginTest" time="0"/>
  <testcase name="testKeepOlder" classname="io.jenkins.update_center.PluginTest" time="0.003">
    <system-err><![CDATA[Nov 01, 2023 2:50:57 PM io.jenkins.update_center.Plugin addArtifact
INFO: The proposed artifact: the-group:foo:1.0 is not older than the existing artifact the-group:foo:1.0, so ignore it.
Nov 01, 2023 2:50:57 PM io.jenkins.update_center.Plugin addArtifact
INFO: The proposed artifact: the-group:foo:1.0.0 is not older than the existing artifact the-group:foo:1.0, so ignore it.
Nov 01, 2023 2:50:57 PM io.jenkins.update_center.Plugin addArtifact
INFO: The proposed artifact: the-group:foo:1.0.0.0 is not older than the existing artifact the-group:foo:1.0, so ignore it.
Nov 01, 2023 2:50:57 PM io.jenkins.update_center.Plugin addArtifact
INFO: The proposed artifact: the-other-group:foo:1.0 is not older than the existing artifact the-group:foo:1.0, so ignore it.
]]></system-err>
  </testcase>
  <testcase name="testSimplifyPluginName" classname="io.jenkins.update_center.PluginTest" time="0.004"/>
  <testcase name="testRemoveAll" classname="io.jenkins.update_center.PluginTest" time="0.002">
    <system-err><![CDATA[Nov 01, 2023 2:50:57 PM io.jenkins.update_center.Plugin addArtifact
INFO: The proposed artifact: the-group:foo:1.0.0 has a timestamp and the existing artifact the-group:foo:1.0 does not, so replace it.
Nov 01, 2023 2:50:57 PM io.jenkins.update_center.Plugin addArtifact
INFO: The proposed artifact: the-group:foo:1.0.0.0 is not older than the existing artifact the-group:foo:1.0.0, so ignore it.
Nov 01, 2023 2:50:57 PM io.jenkins.update_center.Plugin addArtifact
INFO: The proposed artifact: the-other-group:foo:1.0 has no timestamp (but the existing artifact the-other-group:foo:1.0 does), so ignore it.
]]></system-err>
  </testcase>
</testsuite>